CRITICAL - 2025-11-08 04:00:37 --> ParseError: syntax error, unexpected token "public"
[Method: GET, Route: solicitudes]
in APPPATH\Controllers\SolicitudesController.php on line 36.
 1 SYSTEMPATH\Autoloader\Autoloader.php(295): CodeIgniter\Autoloader\Autoloader->includeFile('C:\\xampp\\htdocs\\ProyectoFinal\\app\\Controllers\\SolicitudesController.php')
 2 SYSTEMPATH\Autoloader\Autoloader.php(271): CodeIgniter\Autoloader\Autoloader->loadInNamespace('App\\Controllers\\SolicitudesController')
 3 [internal function]: CodeIgniter\Autoloader\Autoloader->loadClass('App\\Controllers\\SolicitudesController')
 4 SYSTEMPATH\CodeIgniter.php(885): class_exists('\\App\\Controllers\\SolicitudesController', true)
 5 SYSTEMPATH\CodeIgniter.php(494): CodeIgniter\CodeIgniter->startController()
 6 SYSTEMPATH\CodeIgniter.php(354): CodeIgniter\CodeIgniter->handleRequest(null, Object(Config\Cache), false)
 7 SYSTEMPATH\Boot.php(363): CodeIgniter\CodeIgniter->run()
 8 SYSTEMPATH\Boot.php(68): CodeIgniter\Boot::runCodeIgniter(Object(CodeIgniter\CodeIgniter))
 9 FCPATH\index.php(59): CodeIgniter\Boot::bootWeb(Object(Config\Paths))
CRITICAL - 2025-11-08 04:05:39 --> ErrorException: Cannot redeclare App\Controllers\MascotasController::eliminarMascotas()
[Method: GET, Route: mascotas]
in APPPATH\Controllers\MascotasController.php on line 40.
 1 [internal function]: CodeIgniter\Debug\Exceptions->shutdownHandler()
CRITICAL - 2025-11-08 04:05:47 --> ErrorException: Cannot redeclare App\Controllers\MascotasController::eliminarMascotas()
[Method: GET, Route: mascotas]
in APPPATH\Controllers\MascotasController.php on line 40.
 1 [internal function]: CodeIgniter\Debug\Exceptions->shutdownHandler()
